C:\Users\marti\Documents\Tesis\src>python alternative_2.py data\barracas.in data\barracas.out Counter({(3, 66): 21,
         (12, 50, 63, 70): 17,
         (5, 76): 17,
         (28, 49, 55): 14,
         (64, 79): 14,
         (44, 75, 78): 14,
         (7, 17, 19, 24, 68): 13,
         (4,): 13,
         (21, 26, 38, 54): 12,
         (12, 36): 12,
         (14,): 12,
         (29, 69): 12,
         (9,): 12,
         (57, 71): 11,
         (13, 40, 56): 11,
         (1, 15): 10,
         (50, 63, 70): 10,
         (23, 42, 46, 60): 10,
         (32, 47): 9,
         (10, 16, 39, 61): 9,
         (13, 31, 33): 8,
         (34, 59, 67): 8,
         (76,): 8,
         (23, 42, 46, 56, 60): 8,
         (22, 41): 8,
         (42, 46, 60): 8,
         (37,): 8,
         (50, 70): 8,
         (2,): 7,
         (20,): 7,
         (79,): 7,
         (18, 43): 7,
         (72,): 7,
         (21, 38, 54): 7,
         (27,): 6,
         (28, 49): 6,
         (44, 75): 6,
         (20, 52): 6,
         (64,): 6,
         (77,): 6,
         (71,): 6,
         (36,): 6,
         (23, 42, 60): 5,
         (10, 61): 5,
         (30, 77): 5,
         (22,): 5,
         (65,): 5,
         (25,): 5,
         (7, 19, 24, 68): 5,
         (8, 59, 62): 5,
         (49,): 5,
         (20, 51, 52, 58): 5,
         (35, 58): 5,
         (45,): 5,
         (2, 25): 5,
         (41,): 5,
         (30,): 5,
         (7, 17, 19, 24, 48, 68): 4,
         (48,): 4,
         (7, 17, 48): 4,
         (33,): 4,
         (1, 8, 15, 62): 4,
         (28, 55): 4,
         (22, 41, 66): 4,
         (49, 69): 4,
         (12, 36, 63): 4,
         (12, 36, 63, 70): 4,
         (7, 17, 19, 48): 4,
         (6, 25): 4,
         (6,): 4,
         (73,): 4,
         (74,): 4,
         (34, 67): 4,
         (31, 33): 4,
         (19, 24, 68): 4,
         (34, 59, 62, 67): 4,
         (50, 63): 4,
         (35,): 4,
         (6, 27): 4,
         (26,): 4,
         (47,): 3,
         (29,): 3,
         (69,): 3,
         (8,): 3,
         (1, 15, 62): 3,
         (27, 33): 3,
         (52, 58): 3,
         (29, 49, 69): 3,
         (51, 58): 3,
         (8, 34, 59, 62, 67): 3,
         (7, 19): 3,
         (10,): 3,
         (6, 35): 3,
         (39,): 3,
         (23, 60): 3,
         (57,): 3,
         (2, 27): 3,
         (43,): 3,
         (23, 40, 56): 3,
         (32,): 3,
         (15,): 3,
         (20, 51, 52): 3,
         (38,): 3,
         (1, 8, 62): 3,
         (78,): 3,
         (51,): 3,
         (11,): 3,
         (11, 73): 3,
         (13, 23, 42, 46, 56): 3,
         (1, 8, 59, 62, 67): 3,
         (35, 51, 58): 3,
         (18, 43, 55): 2,
         (13, 40): 2,
         (17, 48): 2,
         (14, 34): 2,
         (45, 54): 2,
         (38, 45, 54): 2,
         (1, 15, 34, 59, 62, 67): 2,
         (21, 54, 74): 2,
         (5,): 2,
         (70,): 2,
         (28, 55, 60): 2,
         (12, 36, 50, 63, 70): 2,
         (16, 61): 2,
         (7, 17, 19, 24, 48): 2,
         (43, 77): 2,
         (66,): 2,
         (18, 43, 57): 2,
         (10, 39, 61): 2,
         (7, 17, 24, 48): 2,
         (42, 46): 2,
         (8, 53, 59, 62): 2,
         (21, 26, 54): 2,
         (21, 38, 45, 54): 2,
         (45, 74): 2,
         (53,): 2,
         (50,): 2,
         (3,): 2,
         (13, 56): 2,
         (24, 68): 2,
         (10, 16, 31, 61): 2,
         (19, 68): 2,
         (10, 31, 61): 2,
         (52,): 2,
         (1, 8, 15, 59, 62, 67): 2,
         (1, 8, 15, 34, 59, 62, 67): 2,
         (58,): 2,
         (23, 56, 60): 2,
         (1, 15, 67): 2,
         (6, 25, 27): 2,
         (45, 71): 2,
         (22, 66): 2,
         (40,): 2,
         (16, 39): 2,
         (46,): 1,
         (7, 17, 19): 1,
         (18, 57): 1,
         (10, 16, 39): 1,
         (7, 17, 24, 68): 1,
         (10, 39): 1,
         (40, 56): 1,
         (63, 72): 1,
         (13, 31, 56): 1,
         (13, 33): 1,
         (6, 25, 35): 1,
         (23, 43): 1,
         (12, 63, 72): 1,
         (28, 49, 55, 60): 1,
         (21, 45, 54): 1,
         (19,): 1,
         (38, 54): 1,
         (34, 59): 1,
         (8, 59, 62, 67): 1,
         (41, 66): 1,
         (42, 60): 1,
         (2, 6, 25, 27): 1,
         (23, 56): 1,
         (23, 42, 56, 60): 1,
         (21, 26, 38): 1,
         (17, 24, 68): 1,
         (2, 6, 25): 1,
         (13, 46, 56): 1,
         (10, 16, 61): 1,
         (1, 8, 34, 59, 62, 67): 1,
         (15, 67): 1,
         (18, 28, 55): 1,
         (1, 8, 59, 62): 1,
         (45, 54, 74): 1,
         (53, 59): 1,
         (13, 31, 40, 56): 1,
         (49, 60): 1,
         (8, 53, 59): 1,
         (13, 23, 46, 56): 1,
         (1, 15, 59, 62, 67): 1,
         (51, 52, 58): 1,
         (18, 55): 1,
         (75, 78): 1,
         (31, 33, 61): 1,
         (5, 57): 1,
         (7, 48): 1,
         (12, 36, 70): 1})
VARIABLES
DEGREES
STOP STUDENT BINDING
1-LOOPS
CLUSTERS
STOP EDGE BINDING
LOADS
CAPACITY
Warning:  Output names have been modified to conform to LP format.
WRITTEN
CPXPARAM_Read_DataCheck                          1
1 of 1 MIP starts provided solutions.
MIP start 'heur' defined initial solution with objective 46995.9900.
Tried aggregator 2 times.
MIP Presolve eliminated 9404 rows and 1980 columns.
MIP Presolve modified 62191 coefficients.
Aggregator did 66 substitutions.
Reduced MIP has 17068 rows, 11390 columns, and 86378 nonzeros.
Reduced MIP has 5595 binaries, 5795 generals, 0 SOSs, and 0 indicators.
Presolve time = 0.09 sec. (74.72 ticks)
Probing time = 0.06 sec. (7.87 ticks)
Tried aggregator 1 time.
MIP Presolve eliminated 172 rows and 0 columns.
MIP Presolve modified 15111 coefficients.
Reduced MIP has 16896 rows, 11390 columns, and 71095 nonzeros.
Reduced MIP has 5595 binaries, 5795 generals, 0 SOSs, and 0 indicators.
Presolve time = 0.08 sec. (57.42 ticks)
Probing time = 0.08 sec. (8.38 ticks)
Clique table members: 153.
MIP emphasis: balance optimality and feasibility.
MIP search method: dynamic search.
Parallel mode: deterministic, using up to 4 threads.
Root relaxation solution time = 0.13 sec. (92.91 ticks)

        Nodes                                         Cuts/
   Node  Left     Objective  IInf  Best Integer    Best Bound    ItCnt     Gap

*     0+    0                        46995.9900        0.0000           100.00%
      0     0    34422.7300   207    46995.9900    34422.7300      818   26.75%
*     0+    0                        43984.5852    34422.7300            21.74%
      0     0    34579.1194   127    43984.5852      Cuts: 48      926   21.38%
*     0+    0                        41398.7152    34579.1194            16.47%
      0     0    34583.8471   136    41398.7152      Cuts: 27      972   16.46%
      0     0    34637.6157   130    41398.7152      Cuts: 10     1004   16.33%
      0     0    34637.6157   117    41398.7152       Cuts: 7     1031   16.33%
      0     0    34707.4884   117    41398.7152      Fract: 1     1039   16.16%
      0     0    34707.4884   117    41398.7152   Impl Bds: 1     1040   16.16%
*     0+    0                        41317.3352    34707.4884            16.00%
      0     2    34707.4884   117    41317.3352    34707.4884     1040   16.00%
Elapsed time = 3.81 sec. (1233.16 ticks, tree = 0.01 MB, solutions = 4)
     53    50    35134.8189   130    41317.3352    34825.9657     2505   15.71%
    119    92    35281.4110    14    41317.3352    34825.9657     5180   15.71%
    179   146    36907.9645    87    41317.3352    34825.9657     8745   15.71%
    219   197    36565.0803    31    41317.3352    34825.9657    14232   15.71%
    268   234    38925.6269   114    41317.3352    34825.9657    18689   15.71%
    320   271    39288.1361    54    41317.3352    34825.9657    23451   15.71%
    387   331    39002.1869    18    41317.3352    34825.9657    32487   15.71%
*   403   326      integral     0    40336.8298    34825.9657    32828   13.66%
*   430   360      integral     0    40148.7898    34825.9657    37699   13.26%
*   432   370      integral     0    39517.5069    34825.9657    39004   11.87%
    446   372    34880.4768   141    39517.5069    34825.9657    40951   11.87%
    508   368    35554.5911    98    39517.5069    34877.9363    46057   11.74%
*   716   552      integral     0    39212.1343    34877.9363    60722   11.05%
*   762   554      integral     0    38604.5560    34877.9363    63259    9.65%
    841   530    35552.3563    93    38604.5560    34877.9363    65779    9.65%
Elapsed time = 12.73 sec. (4372.80 ticks, tree = 7.88 MB, solutions = 9)
*   865+  522                        38540.4384    34877.9363             9.50%
   1139   825    37916.2147    91    38540.4384    34877.9363    87447    9.50%
*  1159   805      integral     0    38173.8572    34877.9363    88702    8.63%
*  1209+  572                        38033.6998    34877.9363             8.30%
*  1209+  381                        37928.2783    34877.9363             8.04%
*  1209+  253                        37811.6583    34877.9363             7.76%
   1209   254    34781.4493   138    37811.6583    34877.9363    97972    7.76%
*  1215+  169                        37787.7399    34877.9363             7.70%
   1221   161    35018.4451    98    37787.7399    34877.9363    98893    7.70%
   1280    52    35221.5833    85    37787.7399    35000.5553   103096    7.38%
   1410   160    35474.1298    57    37787.7399    35028.6547   108941    7.30%
   1638   248    35733.8985   100    37787.7399    35058.7907   112790    7.22%
   1873   526    36127.1704    65    37787.7399    35099.8017   122634    7.11%
   2109   676    35554.3563    95    37787.7399    35114.1272   127776    7.08%
   2242   837    35753.1676   163    37787.7399    35200.6337   131355    6.85%
   2518  1008    69772.7284    79    37787.7399    35224.4050   136836    6.78%
Elapsed time = 58.00 sec. (21133.63 ticks, tree = 7.31 MB, solutions = 17)
   2767  1260    36851.7506    82    37787.7399    35226.9682   142350    6.78%
   2976  1522    35966.9250    91    37787.7399    35231.3914   149964    6.77%
   3327  1663    35408.4209   108    37787.7399    35249.2688   155564    6.72%
   3548  2009    36626.1816    58    37787.7399    35249.5939   166381    6.72%
   3886  2233    35779.3925   113    37787.7399    35249.5939   175083    6.72%
   4209  2593    36705.2782    85    37787.7399    35262.4050   181882    6.68%
   4579  2795    35511.9002   137    37787.7399    35276.2393   187736    6.65%
   4946  3234    36291.7160    79    37787.7399    35277.7228   200054    6.64%
   5260  3529    35835.6468   108    37787.7399    35283.6389   203640    6.63%
*  5314+ 3305                        37654.1825    35283.6389             6.30%
   5484  3805    35319.4425    37    37654.1825    35283.6389   209737    6.30%
Elapsed time = 84.55 sec. (30711.06 ticks, tree = 27.85 MB, solutions = 18)
*  5623+ 3602                        37605.6515    35283.6389             6.17%
   5774  4003    35351.0463    84    37605.6515    35283.6389   214317    6.17%
*  5921+ 4191                        37498.4915    35283.6389             5.91%
   6187  4344    36141.4932    69    37498.4915    35293.7145   225067    5.88%
   6617  4634    35954.5342    95    37498.4915    35294.0013   231639    5.88%
   7108  5130    36005.2889   128    37498.4915    35295.9464   242644    5.87%
*  7139  5056      integral     0    37371.9442    35295.9464   240570    5.55%
*  7351+ 5330                        37364.9342    35297.0543             5.53%
   7536  5458    36047.5535   110    37364.9342    35297.0543   250224    5.53%
   7951  5988    35349.1160   137    37364.9342    35297.4129   265002    5.53%
   8312  6208    35384.7464    94    37364.9342    35297.5727   271568    5.53%
   8777  6583    35381.1260   109    37364.9342    35297.7099   283070    5.53%
   9124  7001    36374.4274   113    37364.9342    35298.0590   290891    5.53%
Elapsed time = 109.28 sec. (39390.72 ticks, tree = 53.11 MB, solutions = 22)
   9320  7211    35486.9729    94    37364.9342    35298.4010   299651    5.53%
*  9339+ 7081                        37057.0742    35298.4010             4.75%
   9682  7358    35906.5532   104    37057.0742    35298.5431   304338    4.75%
   9913  7498    35473.8988    97    37057.0742    35299.6591   313479    4.74%
  10353  7656    36194.9503    73    37057.0742    35301.5262   320756    4.74%
  10778  7961    35303.5184    99    37057.0742    35301.6286   330870    4.74%
  11144  8645    36516.0412    70    37057.0742    35303.6621   347700    4.73%
  11570  8804    35802.5378    83    37057.0742    35303.6621   352300    4.73%
  11729  9074    35607.7193   119    37057.0742    35306.2977   358194    4.72%
  12153  9376    35535.2579    63    37057.0742    35306.4198   370056    4.72%
  12542  9723    36181.8524   122    37057.0742    35308.6400   379728    4.72%
Elapsed time = 135.67 sec. (48945.70 ticks, tree = 73.48 MB, solutions = 24)
  12945 10138    36635.0172   109    37057.0742    35309.8690   392464    4.71%
  13241 10274    35792.6852   130    37057.0742    35309.8690   397002    4.71%
  13556 10550    36099.1473    79    37057.0742    35311.6616   404161    4.71%
* 13730+10714                        37009.3142    35312.3845             4.59%
  13952 10869    35349.9850    76    37009.3142    35312.5897   414862    4.58%
  14304 11222    35767.9062    70    37009.3142    35314.0712   433440    4.58%
  14636 11550    35422.2222    64    37009.3142    35314.7482   446988    4.58%
  15106 11782    35904.4761    90    37009.3142    35315.3711   453318    4.58%
  15512 12140    35581.3679    91    37009.3142    35316.0481   462254    4.58%
  15796 12600    35351.3504    77    37009.3142    35318.0588   476099    4.57%
  16104 12779    35587.0877    57    37009.3142    35319.2069   481627    4.57%
Elapsed time = 160.53 sec. (58511.86 ticks, tree = 97.47 MB, solutions = 25)
  16468 12866    35442.6643   134    37009.3142    35319.4425   486110    4.57%
* 16487 13147      integral     0    36952.2206    35319.4425   493606    4.42%
  16663 13045    35370.5179   103    36952.2206    35319.4425   498100    4.42%
  16886 13411    35801.7673    86    36952.2206    35319.4425   507260    4.42%
* 16947+13385                        36879.3042    35319.4425             4.23%
  17316 13304    36733.9678    68    36879.3042    35319.4425   508770    4.23%
  17603 13829    35808.0965    69    36879.3042    35319.4425   520855    4.23%
* 17694+13730                        36869.6742    35319.4425             4.20%
  17817 13924    35834.9170    61    36869.6742    35319.4425   523101    4.20%
  18291 14122    35714.4380   116    36869.6742    35319.4425   533276    4.20%
  18741 14493    35934.3520    85    36869.6742    35320.6153   543359    4.20%
  19033 14956    36323.3651   105    36869.6742    35323.7032   560666    4.19%
  19171 15197    35887.1428   114    36869.6742    35325.0735   569909    4.19%
Elapsed time = 189.06 sec. (68095.97 ticks, tree = 115.20 MB, solutions = 29)
  19426 15272    36411.4499    77    36869.6742    35325.7210   573058    4.19%
  19656 15365    36418.3657   151    36869.6742    35325.7589   576054    4.19%
  19947 15542    36236.2552   177    36869.6742    35326.5624   580501    4.19%
  20280 15860    36226.7290   108    36869.6742    35327.6773   590272    4.18%
  20651 15991    36427.4427   103    36869.6742    35328.3705   599071    4.18%
  21041 16648    36202.0388    69    36869.6742    35329.0155   623287    4.18%
  21254 16933    35538.4696   112    36869.6742    35329.3672   635606    4.18%
  21583 17052    35597.7336   129    36869.6742    35330.0353   639485    4.18%
  21940 17392    35375.0917    95    36869.6742    35330.8366   652941    4.17%
  22320 17681    35993.2362   161    36869.6742    35331.3959   664565    4.17%
Elapsed time = 214.45 sec. (77666.14 ticks, tree = 135.69 MB, solutions = 29)
  22666 17871    35485.9247   147    36869.6742    35331.8117   668396    4.17%
  23020 18370    35532.0526   122    36869.6742    35331.8175   684239    4.17%
  23386 18741        cutoff          36869.6742    35333.3932   699075    4.17%
  23784 19036    36194.3262    83    36869.6742    35333.9739   711722    4.17%
  24164 19107        cutoff          36869.6742    35334.2630   715728    4.16%
* 24403+19671                        36868.9842    35334.6014             4.16%
  24429 19435    36552.8119   160    36868.9842    35334.6014   729061    4.16%
  24592 19872    35576.9395   138    36868.9842    35334.6014   741330    4.16%
  24620 20094    35158.1222   149    36868.9842    35335.3617   754446    4.16%
  24655  1180    36093.2313    56    36868.9842    35335.3617   758377    4.16%
  24710   333    36125.7805    88    36868.9842    35335.3617   761998    4.16%
Elapsed time = 261.81 sec. (96953.56 ticks, tree = 2.52 MB, solutions = 30)
  24778   166    35294.3138    95    36868.9842    35335.3617   764107    4.16%
  24857   195    35330.7240    74    36868.9842    35335.3617   765866    4.16%
  24951   268    35404.3837    96    36868.9842    35335.3617   769676    4.16%
  25073   351    35533.8148   104    36868.9842    35335.3617   773022    4.16%
  25206   465    35294.2972    69    36868.9842    35335.3617   775499    4.16%
  25352   577    35318.3297   105    36868.9842    35335.3617   778554    4.16%
  25495   690    35320.2014    75    36868.9842    35335.3617   782287    4.16%
  25682   780    36808.9205    98    36868.9842    35335.3617   784872    4.16%
  25926   910    35662.9532    93    36868.9842    35335.3617   787480    4.16%
  26939  1735    35378.2736    71    36868.9842    35335.3617   807125    4.16%
Elapsed time = 294.42 sec. (109423.19 ticks, tree = 181.00 MB, solutions = 30)
  28275  2875    35313.5499   104    36868.9842    35335.3617   833179    4.16%
  29535  3930    35486.4333    73    36868.9842    35335.3617   858340    4.16%
  30773  5060    35732.2180   101    36868.9842    35335.3617   889794    4.16%
  32237  6196    35535.9673    75    36868.9842    35335.3617   922238    4.16%
  33880  7653    35654.0177    60    36868.9842    35335.3617   951712    4.16%
  35088  8689    36206.5576   142    36868.9842    35335.3617   979154    4.16%
  36601 10078    36024.2201    60    36868.9842    35335.3617  1016311    4.16%
* 36783+10268                        36460.1613    35335.3617             3.09%
  38036  9067    35389.1281    90    36460.1613    35335.3617  1050638    3.09%
  39618 10325    35951.7365    55    36460.1613    35335.3617  1091396    3.09%
  40870 11556    35394.7097    66    36460.1613    35335.3617  1136453    3.09%
Elapsed time = 420.63 sec. (147596.82 ticks, tree = 997.05 MB, solutions = 31)
  42157 12464    35407.0156   107    36460.1613    35335.3617  1172085    3.09%
  43737 13884    35560.0781    97    36460.1613    35335.3617  1230669    3.09%
  44765 14987    35469.7065    73    36460.1613    35335.3617  1288315    3.09%
  46167 15995    35627.8457    82    36460.1613    35335.3617  1340704    3.09%
  47326 16977    35431.3268   101    36460.1613    35335.3617  1385253    3.09%
  48576 18023    35569.8297   117    36460.1613    35335.3617  1437494    3.09%
  49825 19123    36391.0990    51    36460.1613    35335.3617  1491961    3.09%
  50980 20023    35731.5163   125    36460.1613    35335.9431  1540649    3.08%
  52328 21164    35977.4649    44    36460.1613    35336.8206  1596698    3.08%
  53301 22026    35420.5897   113    36460.1613    35339.1549  1646913    3.07%
Elapsed time = 565.52 sec. (185771.99 ticks, tree = 1033.57 MB, solutions = 31)
  54597 23204    35349.6963    90    36460.1613    35340.6521  1713733    3.07%
  55668 24092    35886.7127    71    36460.1613    35342.7262  1761995    3.06%
* 56486+24853                        36343.5121    35343.5700             2.75%
  56664 23868    35746.3150    68    36343.5121    35344.1141  1817459    2.75%
  57944 24849    35585.1747    75    36343.5121    35345.7608  1880729    2.75%
  58782 25448    35387.1725    74    36343.5121    35348.7247  1920118    2.74%
  60180 26663    35604.3482   117    36343.5121    35351.0236  1992469    2.73%
* 60616+26883                        36116.5224    35351.1798             2.12%
  61225 19744    35522.4109    99    36116.5224    35352.8564  2059336    2.11%
  62291 20227    35693.1189    77    36116.5224    35355.9845  2103563    2.11%
  63139 20910    35499.8862   129    36116.5224    35360.2101  2158912    2.09%
  64138 21703    35589.1925    99    36116.5224    35362.5860  2233384    2.09%
Elapsed time = 709.88 sec. (223957.41 ticks, tree = 759.37 MB, solutions = 33)
* 64523+22024                        36108.4113    35363.7699             2.06%
* 64525+22024                        36086.3913    35363.7699             2.00%
  65159 21451    36030.1794    62    36086.3913    35365.8178  2263908    2.00%
  66188 22466    35511.3298   156    36086.3913    35366.9178  2343470    1.99%
  67360 23383    35990.3244    78    36086.3913    35369.3282  2411396    1.99%
  68269 23938    35627.3790    62    36086.3913    35371.5051  2453457    1.98%
  69623 24546    35995.8609   106    36086.3913    35372.4013  2504010    1.98%
  70428 25263    35517.3162    79    36086.3913    35373.6680  2570379    1.98%
  71782 26091    35685.5158   135    36086.3913    35375.8732  2633037    1.97%
  72580 26772    35404.7222    68    36086.3913    35378.5564  2681998    1.96%
  73957 27670    35853.1913   145    36086.3913    35380.7248  2749899    1.96%
  74763 28236    35831.9176   106    36086.3913    35383.3642  2805925    1.95%
Elapsed time = 850.30 sec. (262150.63 ticks, tree = 848.27 MB, solutions = 35)
  75826 28980    35542.0136    80    36086.3913    35386.1147  2869830    1.94%
  76802 29474    35619.8898   136    36086.3913    35388.9299  2927480    1.93%
  77888 30321    35632.2079    92    36086.3913    35390.4043  3012466    1.93%
  78715 30711    35692.7555    88    36086.3913    35393.2194  3049206    1.92%
  79970 31444    35591.5519   118    36086.3913    35395.2634  3118018    1.92%
  81072 32165    35998.3190    90    36086.3913    35398.1549  3172138    1.91%
  82196 32905    35694.3247    86    36086.3913    35399.4780  3245630    1.90%
  83222 33629    35753.3494    78    36086.3913    35403.2586  3306176    1.89%
  84334 34385    35836.3614    61    36086.3913    35405.1602  3376246    1.89%
  85289 34765    36075.9711    79    36086.3913    35409.2594  3416514    1.88%
Elapsed time = 989.31 sec. (300349.66 ticks, tree = 955.47 MB, solutions = 35)
  86334 35590    35670.9327   126    36086.3913    35412.0587  3497852    1.87%
  87503 36017        cutoff          36086.3913    35415.3052  3540855    1.86%
  88324 36684    35823.2183    69    36086.3913    35417.2979  3623573    1.85%
  89521 37026    35841.1390    61    36086.3913    35420.4219  3665999    1.85%
  90367 37697    35815.8056    75    36086.3913    35423.7731  3735459    1.84%
  91578 38182    35801.9601    98    36086.3913    35424.8303  3789454    1.83%
  92186 38714    35628.9559   113    36086.3913    35427.4839  3854614    1.83%
  93477 39235    35846.9547    82    36086.3913    35429.2137  3915200    1.82%
  94247 39736    35663.9307   124    36086.3913    35434.1465  3973883    1.81%
  95569 40562    35805.0473   125    36086.3913    35437.6300  4052028    1.80%
Elapsed time = 1132.64 sec. (338539.38 ticks, tree = 1009.06 MB, solutions = 35)
  96373 41016    35693.9233    87    36086.3913    35439.6989  4097522    1.79%
  97817 41777    35796.3319    77    36086.3913    35442.6177  4166971    1.78%
  98608 42276        cutoff          36086.3913    35445.1095  4223468    1.78%
  99946 42882    35982.4786    88    36086.3913    35446.9932  4286656    1.77%
 100602 43377        cutoff          36086.3913    35449.6643  4343298    1.76%
 101911 43951    35537.5098    94    36086.3913    35452.7706  4398943    1.76%
 102883 44575    35977.1926    98    36086.3913    35452.9085  4451070    1.76%
 104043 45140    35864.5556   127    36086.3913    35455.5816  4517734    1.75%
 104883 45670    35670.7697    92    36086.3913    35457.9106  4580117    1.74%
 106313 46662    35690.3887    92    36086.3913    35460.3198  4668441    1.73%
Elapsed time = 1285.02 sec. (376719.54 ticks, tree = 1044.82 MB, solutions = 35)
 107212 47077    35791.9184    57    36086.3913    35461.4653  4714766    1.73%
 108256 47591    35504.6708    91    36086.3913    35464.2242  4771202    1.72%
 109094 48185    36043.7172    73    36086.3913    35466.4412  4842288    1.72%
 110420 48990    35706.0723    92    36086.3913    35468.4883  4934821    1.71%
 111287 49437    35784.8639   101    36086.3913    35471.0844  4978964    1.71%
 112457 49809    35682.9256   125    36086.3913    35472.5464  5022624    1.70%
 113332 50462    35755.2095    96    36086.3913    35473.9965  5099747    1.70%
 114754 51072    35849.0930    90    36086.3913    35476.4913  5156557    1.69%
 115703 51889    35503.9068   121    36086.3913    35478.0767  5235836    1.69%
 116846 52565    35786.8206    85    36086.3913    35481.0510  5314894    1.68%
Elapsed time = 1428.83 sec. (414890.81 ticks, tree = 1077.46 MB, solutions = 35)
 117600 53024    35486.3623    80    36086.3913    35481.5820  5372363    1.68%
 118991 53602    35929.5026   134    36086.3913    35484.1857  5430945    1.67%
 119840 54308    35716.5684   131    36086.3913    35486.0758  5516467    1.66%
 120981 54621    36053.2514    83    36086.3913    35488.9182  5557033    1.66%
 121750 55155    36071.0072    74    36086.3913    35489.7801  5618202    1.65%
 122972 55678    36053.5284    82    36086.3913    35491.7707  5679611    1.65%
 124014 56431    35936.1428    70    36086.3913    35493.2899  5763032    1.64%
 125378 57141    35581.2762    88    36086.3913    35494.8606  5824347    1.64%
 126345 57949    35522.1021    86    36086.3913    35497.1100  5896547    1.63%
 127539 58570    35619.3206   109    36086.3913    35498.4056  5954704    1.63%
Elapsed time = 1574.19 sec. (453079.02 ticks, tree = 1113.99 MB, solutions = 35)
 128839 59469    35667.4512   100    36086.3913    35500.0926  6056540    1.62%
 129844 59706    35888.3513    55    36086.3913    35501.1137  6086951    1.62%
 130910 60494    35607.9246   112    36086.3913    35503.1643  6172698    1.62%
 131890 60901    35826.9538    87    36086.3913    35505.2421  6222262    1.61%
 133371 61389        cutoff          36086.3913    35506.3082  6272029    1.61%
 134257 62350    36065.1344    69    36086.3913    35507.6179  6379197    1.60%
 135427 62971    35787.7314    81    36086.3913    35509.2647  6446704    1.60%
 136463 63506    35580.8431    92    36086.3913    35510.1013  6493268    1.60%
 137847 64191        cutoff          36086.3913    35511.4069  6561555    1.59%
 139221 65336    35749.1835    68    36086.3913    35511.9659  6665778    1.59%
Elapsed time = 1734.19 sec. (491264.15 ticks, tree = 1147.80 MB, solutions = 35)
 140044 65720    35887.0808   155    36086.3913    35512.7930  6705637    1.59%
 141365 66297    35616.8494    60    36086.3913    35513.7465  6782043    1.59%
 142217 66944    35688.2274    74    36086.3913    35514.6710  6852231    1.58%
 143645 67341        cutoff          36086.3913    35516.0404  6896262    1.58%
 144733 68327        cutoff          36086.3913    35517.1873  6999147    1.58%
*144887+68216                        36013.7613    35517.1873             1.38%
 145621 63197    35767.5417   106    36013.7613    35518.3543  7023120    1.38%
 146729 63772        cutoff          36013.7613    35519.2664  7104294    1.37%
 147297 64100    35772.4980    94    36013.7613    35520.4626  7142800    1.37%
 148367 64407    35653.7685    32    36013.7613    35521.6436  7185638    1.37%
*148855+64491                        36004.1313    35522.1433             1.34%
 149212 63621    35696.3853    50    36004.1313    35522.6425  7246405    1.34%
Elapsed time = 1887.20 sec. (529424.39 ticks, tree = 1044.50 MB, solutions = 37)
 150176 63847    35931.8540    63    36004.1313    35523.7128  7284080    1.33%
 150998 64137    35740.2274    94    36004.1313    35525.0362  7332321    1.33%
 151536 64491    35989.0120    74    36004.1313    35526.1576  7379012    1.33%
 152504 64853    35887.1808   169    36004.1313    35527.5022  7428182    1.32%
 153316 65230    35629.3258    98    36004.1313    35528.3801  7476052    1.32%
 154713 65521        cutoff          36004.1313    35528.7400  7509881    1.32%
 155524 66277    35659.2132   110    36004.1313    35530.0688  7600461    1.32%
 156776 66625    35736.2763    73    36004.1313    35531.3059  7656945    1.31%
 157875 67128    35903.0254   128    36004.1313    35533.0948  7742748    1.31%
 158827 67398    35603.0245    83    36004.1313    35533.6873  7792150    1.31%
Elapsed time = 2048.03 sec. (567636.07 ticks, tree = 1067.84 MB, solutions = 37)
 160156 67732    35843.7512    77    36004.1313    35535.7859  7846597    1.30%
 160881 68183    35561.7480    66    36004.1313    35536.7853  7921663    1.30%
 162360 68646        cutoff          36004.1313    35539.0169  7981780    1.29%
 163353 69161    35961.7778    43    36004.1313    35539.6161  8059549    1.29%
 164508 69452    35629.0185    97    36004.1313    35540.3870  8099725    1.29%
 165702 70123    35568.1136   156    36004.1313    35541.8825  8196427    1.28%
 166466 70395    35868.4242   102    36004.1313    35543.0217  8238532    1.28%
 167776 70676        cutoff          36004.1313    35544.3563  8289237    1.28%
 168565 71126    35994.8379    92    36004.1313    35545.7227  8367278    1.27%
 169643 71378        cutoff          36004.1313    35547.0617  8413135    1.27%
Elapsed time = 2211.98 sec. (605818.73 ticks, tree = 1096.86 MB, solutions = 37)
 170920 72007        cutoff          36004.1313    35549.2944  8522793    1.26%
 171665 72157    35856.5381    79    36004.1313    35550.2914  8545744    1.26%
 172723 72703    35828.5303    38    36004.1313    35552.2432  8615572    1.26%
 173665 73157    35765.3453    70    36004.1313    35552.4929  8651391    1.25%
 174474 73979    35730.9897    75    36004.1313    35552.4929  8738759    1.25%
 175719 74346    36003.7578    80    36004.1313    35552.4929  8776858    1.25%
 176542 75137    35761.8051   103    36004.1313    35552.4929  8866246    1.25%
 177503 75347    35759.1862    99    36004.1313    35552.4929  8901953    1.25%
 178548 75915    35764.4096    81    36004.1313    35553.0059  8997013    1.25%
 179404 76157    35981.5149    59    36004.1313    35553.4947  9050774    1.25%
Elapsed time = 2373.14 sec. (643994.84 ticks, tree = 1136.13 MB, solutions = 37)
 180747 76391    35664.6248    98    36004.1313    35554.6608  9085824    1.25%
 181650 77009        cutoff          36004.1313    35556.0753  9191056    1.24%
 182557 77215    35696.1163   125    36004.1313    35556.4522  9219931    1.24%
 183804 77421    35852.5185    97    36004.1313    35558.1215  9269929    1.24%
 184546 77900    35877.6409    90    36004.1313    35559.4390  9348811    1.24%
 185638 78168    35932.5689   120    36004.1313    35560.6776  9400127    1.23%
 186816 78441    35974.3626    81    36004.1313    35562.4337  9478050    1.23%
 187664 78483    35877.9085    65    36004.1313    35563.0803  9547006    1.23%
 188487 78593    35853.3706   109    36004.1313    35563.8847  9600358    1.22%
 189253 78753    35588.8946    71    36004.1313    35564.8501  9643577    1.22%
Elapsed time = 2515.66 sec. (682190.90 ticks, tree = 1150.43 MB, solutions = 37)
 190455 78894        cutoff          36004.1313    35565.2229  9681533    1.22%
 191358 79254        cutoff          36004.1313    35566.8652  9788769    1.21%
 192274 79320    35765.1569    67    36004.1313    35567.7179  9805846    1.21%
 193832 79827    35907.6288   110    36004.1313    35568.0847  9880675    1.21%
 194620 80303    35878.9696    92    36004.1313    35569.4603  9972057    1.21%
 195556 80418    35831.5690   110    36004.1313    35570.1178 10001974    1.21%
 196962 80678    35730.8112    74    36004.1313    35571.8226 10048799    1.20%
 197788 81089    35719.8174   104    36004.1313    35573.2994 10133243    1.20%
 198855 81357    35739.0794    82    36004.1313    35574.0981 10188081    1.19%
 200271 81600    35902.2366   116    36004.1313    35576.0915 10235963    1.19%
Elapsed time = 2652.88 sec. (720372.87 ticks, tree = 1168.79 MB, solutions = 37)
 200993 82047    35597.4441   135    36004.1313    35577.4307 10317754    1.19%
 202063 82369        cutoff          36004.1313    35578.4020 10383383    1.18%
 203437 82539        cutoff          36004.1313    35579.8450 10452093    1.18%
 204322 82819        cutoff          36004.1313    35580.9078 10516087    1.18%
 205299 83157        cutoff          36004.1313    35582.1216 10575973    1.17%
 206700 83457    35641.5382    66    36004.1313    35583.0143 10638501    1.17%
 207486 83855    35912.6172   112    36004.1313    35584.4439 10707312    1.17%
 208648 84140    35643.0603    97    36004.1313    35585.1016 10757923    1.16%
 209898 84579        cutoff          36004.1313    35586.5109 10848528    1.16%
 210757 84805    35735.1182   137    36004.1313    35587.5669 10897758    1.16%
Elapsed time = 2790.34 sec. (758553.88 ticks, tree = 1180.09 MB, solutions = 37)
 211801 85048    35713.8011   115    36004.1313    35588.3527 10951522    1.15%
 213156 85227    35709.0275   129    36004.1313    35589.9824 10984797    1.15%
 213926 85660    35682.1932    81    36004.1313    35591.3187 11088717    1.15%
 214896 85861    35733.0083    93    36004.1313    35592.3115 11131964    1.14%
 216300 86115    35987.5647    29    36004.1313    35593.9090 11183448    1.14%
 217305 86326        cutoff          36004.1313    35595.0689 11275618    1.14%
 218235 86270    35934.3024    63    36004.1313    35596.1824 11310987    1.13%
 219185 86342        cutoff          36004.1313    35597.2600 11366969    1.13%
 220361 86630    35694.3104   115    36004.1313    35598.5111 11433932    1.13%
 221292 86883    35793.6589   165    36004.1313    35599.5823 11492743    1.12%
Elapsed time = 2931.47 sec. (796727.96 ticks, tree = 1180.90 MB, solutions = 37)
 222184 87028    35676.2670    53    36004.1313    35600.8894 11536503    1.12%
 223475 87277    35749.9812    83    36004.1313    35601.8170 11593891    1.12%
 224477 87648    35656.6127   112    36004.1313    35603.0305 11691119    1.11%
 225353 87891    35948.7365    70    36004.1313    35604.0057 11760657    1.11%
 226225 88022    35902.4766    81    36004.1313    35604.7159 11795875    1.11%
 227529 88178    35699.7566   106    36004.1313    35606.1644 11845016    1.11%
 228436 88455    35935.9147   136    36004.1313    35607.4314 11925184    1.10%
 229320 88604        cutoff          36004.1313    35608.6303 11997278    1.10%
 230526 88673    35825.2456   115    36004.1313    35609.5657 12038782    1.10%
 231479 88738    35841.8004    94    36004.1313    35610.6536 12078417    1.09%
Elapsed time = 3084.89 sec. (834911.65 ticks, tree = 1191.80 MB, solutions = 37)
 232262 88954    35953.7589    81    36004.1313    35611.8964 12152069    1.09%
 233268 89139        cutoff          36004.1313    35613.0017 12223743    1.09%
 234662 89415        cutoff          36004.1313    35614.8613 12309359    1.08%
 235556 89518        cutoff          36004.1313    35615.7717 12364164    1.08%
 236422 89584    35818.2019   110    36004.1313    35616.7512 12395275    1.08%
 237305 89772    35652.3125    83    36004.1313    35618.0426 12464738    1.07%
 238167 89880    35859.9723   100    36004.1313    35619.8289 12532606    1.07%
 239247 89990    35729.1364    67    36004.1313    35620.7237 12578076    1.06%
 240271 90196    35983.7670    71    36004.1313    35621.7046 12654671    1.06%
 241180 90300    35730.5464   107    36004.1313    35622.7728 12709678    1.06%
Elapsed time = 3236.92 sec. (873117.03 ticks, tree = 1197.77 MB, solutions = 37)
 242184 90510    35639.2610   118    36004.1313    35623.9746 12757270    1.06%
 243583 90762        cutoff          36004.1313    35625.7198 12810800    1.05%
 244518 91233    35891.5135    77    36004.1313    35626.5632 12906666    1.05%
 245389 91456    35936.2070    69    36004.1313    35627.3789 12948853    1.05%
 246493 91652        cutoff          36004.1313    35628.3251 12994220    1.04%
 247719 91847    35989.1971    76    36004.1313    35629.6120 13047753    1.04%
 248607 92114    35925.0073    48    36004.1313    35630.2917 13119223    1.04%
 249615 92287    35675.9308    93    36004.1313    35630.9283 13162106    1.04%
 250909 92444    35724.3774    87    36004.1313    35631.9895 13214763    1.03%
 251891 92837    35755.5168   111    36004.1313    35633.1815 13295857    1.03%
Elapsed time = 3394.97 sec. (911297.13 ticks, tree = 1203.52 MB, solutions = 37)
 252927 92983    35739.6214   126    36004.1313    35634.2801 13330783    1.03%
 254246 93192    35921.0976    64    36004.1313    35635.3188 13384956    1.02%
 255052 93477        cutoff          36004.1313    35636.8527 13479729    1.02%
 255983 93666    35765.5123    83    36004.1313    35637.7793 13528460    1.02%
 257174 93796    35799.8655    72    36004.1313    35638.7680 13573878    1.01%
 258239 93987    35780.9444    85    36004.1313    35640.2185 13647906    1.01%
 259152 94126    35855.4630    81    36004.1313    35641.2443 13708188    1.01%
 260080 94301    35874.1850    89    36004.1313    35642.2204 13752557    1.01%
 261215 94447    35672.0408    95    36004.1313    35643.2780 13824991    1.00%
 262090 94689    35808.4531   103    36004.1313    35644.7431 13907078    1.00%
Elapsed time = 3567.06 sec. (949483.59 ticks, tree = 1206.45 MB, solutions = 37)
 262952 94764        cutoff          36004.1313    35645.4638 13948232    1.00%
 263981 94828        cutoff          36004.1313    35646.3611 13975381    0.99%
 264934 95048    35791.4086   117    36004.1313    35647.2663 14048898    0.99%
 265859 95206    35830.1976   105    36004.1313    35648.6331 14120911    0.99%
 266844 95268    35723.9748    88    36004.1313    35649.8029 14168364    0.98%
 267854 95444    35986.5241    73    36004.1313    35650.5969 14224372    0.98%
 268809 95583    35868.2639    92    36004.1313    35651.7549 14295220    0.98%
 269807 95742        cutoff          36004.1313    35652.9604 14354785    0.98%
 270905 95803    35954.4395   104    36004.1313    35653.8721 14404823    0.97%
 272049 95771        cutoff          36004.1313    35654.6726 14472584    0.97%
Elapsed time = 3728.92 sec. (987656.08 ticks, tree = 1204.19 MB, solutions = 37)
 273045 95696    35857.5241    82    36004.1313    35655.7035 14503995    0.97%
 273981 95669    35838.4816    49    36004.1313    35656.5323 14560069    0.97%
 274826 95845        cutoff          36004.1313    35658.1886 14618899    0.96%
 275628 96193        cutoff          36004.1313    35658.3265 14702166    0.96%
 276423 96414    35912.4676    76    36004.1313    35659.4369 14756577    0.96%
 277163 96571    35984.7090    90    36004.1313    35659.9529 14792983    0.96%
 277946 96947        cutoff          36004.1313    35659.9529 14892142    0.96%
 278797 97101    35959.3664   104    36004.1313    35659.9529 14934643    0.96%
 279611 97260    35902.0766    77    36004.1313    35659.9529 14982417    0.96%
 280504 97388    35739.7038   122    36004.1313    35659.9529 15018157    0.96%
Elapsed time = 3865.38 sec. (1025832.60 ticks, tree = 1212.27 MB, solutions = 37)
 281456 97567    35873.9137    91    36004.1313    35659.9529 15106219    0.96%
 282341 97596    35689.3137    88    36004.1313    35659.9529 15125026    0.96%
 283211 97786    35745.1459   113    36004.1313    35660.3481 15198148    0.95%
 284196 97889    35766.4023   100    36004.1313    35661.5986 15241369    0.95%
 285123 97992    35850.7668    97    36004.1313    35662.5223 15310485    0.95%
 286019 98065    35850.8223    56    36004.1313    35663.5158 15350124    0.95%
 286959 98171    35853.9489    62    36004.1313    35664.5656 15405522    0.94%
 287858 98211    35930.3951   107    36004.1313    35665.5510 15443315    0.94%
 288566 98280    36613.7626    84    36004.1313    35666.8259 15497864    0.94%
 289730 98668    35671.3474   195    36004.1313    35667.8380 15537097    0.93%
Elapsed time = 4023.98 sec. (1064023.00 ticks, tree = 1212.51 MB, solutions = 37)
 291102 99066    35860.9867    67    36004.1313    35668.8252 15605372    0.93%
 292082 99392    35881.0664   234    36004.1313    35669.5313 15668502    0.93%
 293129 99666    35914.2594    91    36004.1313    35669.6648 15704640    0.93%
 294604 100104    35878.4599   104    36004.1313    35670.2633 15743416    0.93%
 295767 100389    35874.3142    65    36004.1313    35671.0390 15776657    0.93%
 296726 100734    35898.4817   136    36004.1313    35671.6377 15838853    0.92%
 298083 101068    35946.5088   195    36004.1313    35672.2742 15869165    0.92%
 299386 101304    35712.4093   182    36004.1313    35672.7745 15919393    0.92%
 300361 101852    35863.9919    91    36004.1313    35673.3895 16001577    0.92%
 301340 101972    35858.8247   102    36004.1313    35674.0185 16030302    0.92%
Elapsed time = 4179.64 sec. (1102206.53 ticks, tree = 1231.16 MB, solutions = 37)
 302812 102434    infeasible          36004.1313    35674.8682 16109316    0.91%
 304188 102858    35923.2247    85    36004.1313    35676.1817 16148783    0.91%
 305154 103299    35783.1652    73    36004.1313    35676.7521 16212189    0.91%
 306135 103707    35718.3424   114    36004.1313    35677.3547 16275646    0.91%
 307556 103996        cutoff          36004.1313    35677.9021 16323820    0.91%
 308733 104279        cutoff          36004.1313    35678.7383 16372346    0.90%
 309704 104740    35899.6855    83    36004.1313    35679.5207 16426391    0.90%
 310839 105065        cutoff          36004.1313    35680.1359 16493750    0.90%
 312391 105345    35742.1987    74    36004.1313    35680.7808 16541971    0.90%
 313445 105658        cutoff          36004.1313    35681.6066 16594614    0.90%
Elapsed time = 4323.88 sec. (1140373.91 ticks, tree = 1251.94 MB, solutions = 37)
 314471 105889    35694.8187    63    36004.1313    35682.2172 16661513    0.89%
 315622 106373        cutoff          36004.1313    35682.9849 16721135    0.89%
 317236 106725    35883.9465    58    36004.1313    35683.8632 16768798    0.89%
 318523 107211        cutoff          36004.1313    35684.9156 16878193    0.89%
 319541 107457        cutoff          36004.1313    35685.6986 16919620    0.88%
 320790 107835        cutoff          36004.1313    35686.0168 16960061    0.88%
 322528 108157    35992.0942    64    36004.1313    35686.7379 17001853    0.88%
 323631 108561    35772.7293    74    36004.1313    35688.0563 17074984    0.88%
 324642 108783        cutoff          36004.1313    35688.6734 17113868    0.88%
 325645 108970    35800.6318    90    36004.1313    35688.9934 17177015    0.88%
Elapsed time = 4460.69 sec. (1178550.26 ticks, tree = 1269.79 MB, solutions = 37)
 326844 109113    35833.1519    62    36004.1313    35689.8945 17215088    0.87%
 328295 109256    35785.6365    72    36004.1313    35690.8946 17286853    0.87%
 329351 109583    35739.6386    75    36004.1313    35691.7767 17356494    0.87%
 330385 109717    35868.9484    83    36004.1313    35692.7281 17397669    0.86%
 331883 109952        cutoff          36004.1313    35693.7391 17466262    0.86%
 333295 110220    35710.3036   145    36004.1313    35694.7538 17542977    0.86%
 334318 110457        cutoff          36004.1313    35695.8336 17601854    0.86%
 335256 110707    35813.6783    74    36004.1313    35696.4749 17661275    0.85%
 336282 110979        cutoff          36004.1313    35697.3249 17704133    0.85%
 337609 111252        cutoff          36004.1313    35698.4626 17740057    0.85%
Elapsed time = 4594.95 sec. (1216732.58 ticks, tree = 1280.46 MB, solutions = 37)
 339146 111596    35982.8573    25    36004.1313    35699.0941 17798378    0.85%
 340143 111872    35885.4865    34    36004.1313    35699.8649 17863518    0.85%
 341101 112334    35756.5627    82    36004.1313    35700.4312 17925243    0.84%
 342548 112687        cutoff          36004.1313    35700.8312 17948465    0.84%
 344338 113426    35790.9914    53    36004.1313    35701.4620 18008540    0.84%
 345521 114205    35889.7633    69    36004.1313    35702.2523 18066726    0.84%
 346522 114688    35854.4418    60    36004.1313    35702.6312 18128645    0.84%
 347978 114816    35960.1569    47    36004.1313    35702.9091 18147501    0.84%
 349253 115189    35891.9673    63    36004.1313    35703.2993 18212024    0.84%
 350327 115739    35891.9673    65    36004.1313    35703.7711 18301242    0.83%
Elapsed time = 4746.41 sec. (1254896.66 ticks, tree = 1312.16 MB, solutions = 37)
 351446 115961    35943.2966    94    36004.1313    35704.1963 18334531    0.83%
 352915 116392    35844.1236   110    36004.1313    35704.7663 18397217    0.83%
 354273 116546    35860.2400    57    36004.1313    35705.5567 18443186    0.83%
 355273 116939    35745.0162    98    36004.1313    35706.2635 18517348    0.83%
 356226 117167    35721.1967   120    36004.1313    35706.7167 18553376    0.83%
 357249 117412        cutoff          36004.1313    35707.2127 18601427    0.82%
 358321 117734    35822.3616   111    36004.1313    35708.1165 18667720    0.82%
 359568 117814    36003.6933    94    36004.1313    35708.7342 18684190    0.82%
 361071 118188    35920.6430   114    36004.1313    35709.0152 18729921    0.82%
 362193 118643    35822.0078    68    36004.1313    35709.4714 18788701    0.82%
Elapsed time = 4940.77 sec. (1293067.11 ticks, tree = 1332.18 MB, solutions = 37)
 363242 118988        cutoff          36004.1313    35710.2201 18856763    0.82%
 364319 119184    35928.4220   122    36004.1313    35710.7389 18893803    0.81%
 365464 119276    35732.9008   114    36004.1313    35711.0650 18930937    0.81%
 366731 119566        cutoff          36004.1313    35711.7012 18998441    0.81%
 367802 119869    35905.5126    33    36004.1313    35712.0626 19065930    0.81%
 368900 119937    35824.0405    47    36004.1313    35712.3924 19078797    0.81%
 370028 120353        cutoff          36004.1313    35712.9131 19157617    0.81%
 371291 120435    35894.1735    77    36004.1313    35713.4965 19175586    0.81%
 372441 120614    35732.7889    95    36004.1313    35714.1657 19243089    0.81%
 373536 120767        cutoff          36004.1313    35714.7057 19316567    0.80%
Elapsed time = 5095.25 sec. (1331252.05 ticks, tree = 1345.80 MB, solutions = 37)
 374613 120997    35908.2358    26    36004.1313    35715.2125 19379507    0.80%
 375873 121236    35825.5609   105    36004.1313    35715.8373 19429451    0.80%
 377238 121465    35974.6053   126    36004.1313    35716.2540 19475426    0.80%
 378367 121512        cutoff          36004.1313    35716.8303 19488244    0.80%
 379461 121812    35975.8546    79    36004.1313    35717.4538 19549948    0.80%
 380563 121946    35955.2546   119    36004.1313    35718.0703 19622568    0.79%
 381671 122120        cutoff          36004.1313    35718.5473 19673115    0.79%
 382832 122355    35744.9484    83    36004.1313    35719.1014 19724603    0.79%
 384088 122480    35826.1922    79    36004.1313    35719.6385 19743430    0.79%
 385193 122834    35904.9708    48    36004.1313    35720.2977 19835978    0.79%
Elapsed time = 5249.42 sec. (1369422.70 ticks, tree = 1357.08 MB, solutions = 37)
 386298 122854        cutoff          36004.1313    35720.8480 19866722    0.79%
 387415 123061    35907.6423   196    36004.1313    35721.4427 19944497    0.79%
 388587 123108    35996.0703    46    36004.1313    35722.0098 19988646    0.78%
 389823 123176    35982.2903    81    36004.1313    35722.5259 20016703    0.78%
 390961 123236    35755.1939   122    36004.1313    35722.9741 20094927    0.78%
 392035 123290    35819.0110   106    36004.1313    35723.6916 20138615    0.78%
 393161 123380    35917.1108    31    36004.1313    35724.2179 20163520    0.78%
 394559 123557        cutoff          36004.1313    35724.6706 20240601    0.78%
 395744 123596    35788.3231    94    36004.1313    35725.5472 20305116    0.77%
 396878 123620        cutoff          36004.1313    35726.4560 20324576    0.77%
Elapsed time = 5404.05 sec. (1407612.70 ticks, tree = 1356.32 MB, solutions = 37)
 398037 123708        cutoff          36004.1313    35727.0449 20400778    0.77%
 399374 123788    35763.5894    99    36004.1313    35727.5964 20445807    0.77%
 400859 124095    35760.5501    91    36004.1313    35728.1201 20504724    0.77%
 401914 124422        cutoff          36004.1313    35728.8808 20570027    0.76%
 403022 124509    35754.2012    46    36004.1313    35729.7367 20590874    0.76%
 404080 124671    35799.2945    66    36004.1313    35730.3042 20665739    0.76%
 405379 124729    35835.9495    88    36004.1313    35730.9160 20693456    0.76%
 406544 124729        cutoff          36004.1313    35731.3834 20752961    0.76%
 407641 124669        cutoff          36004.1313    35731.9273 20809291    0.76%
 408792 124646        cutoff          36004.1313    35732.7008 20874002    0.75%
Elapsed time = 5560.73 sec. (1445775.94 ticks, tree = 1359.28 MB, solutions = 37)
 409970 124592    35867.2054    80    36004.1313    35733.1498 20943305    0.75%
 411117 124607    35964.2855    87    36004.1313    35733.6069 21005004    0.75%
 412185 124613    35996.2747    85    36004.1313    35734.6631 21042869    0.75%
 413195 124648    35919.0051    41    36004.1313    35735.5575 21098293    0.75%
 414229 124624    35916.1764    47    36004.1313    35736.1719 21132298    0.74%
 415381 124561    35826.4437    48    36004.1313    35737.0395 21184735    0.74%
 416520 124431        cutoff          36004.1313    35737.9143 21232619    0.74%
 417611 124475    35817.5222   155    36004.1313    35738.5400 21316769    0.74%
 418725 124454        cutoff          36004.1313    35739.0987 21329713    0.74%
 419826 124461        cutoff          36004.1313    35739.9015 21424356    0.73%
Elapsed time = 5716.92 sec. (1483953.76 ticks, tree = 1351.71 MB, solutions = 37)
 420900 124458        cutoff          36004.1313    35740.6593 21471258    0.73%
 422020 124476    35802.4579    55    36004.1313    35741.5616 21522583    0.73%
 423234 124479    35803.1491   112    36004.1313    35742.4735 21543731    0.73%
 424415 124486    35902.1956    53    36004.1313    35743.0640 21649671    0.73%
 425444 124482        cutoff          36004.1313    35743.8562 21661917    0.72%
 426499 124378    35854.3983    94    36004.1313    35744.4402 21722859    0.72%
 427543 124327    35985.0691    31    36004.1313    35745.2397 21769315    0.72%
 428667 124286    35881.1487   113    36004.1313    35745.8938 21845632    0.72%
 429777 124338    35752.1896    63    36004.1313    35746.6155 21869052    0.72%
 431108 124584    35761.2245    79    36004.1313    35747.6266 21930060    0.71%
Elapsed time = 5867.27 sec. (1522121.66 ticks, tree = 1348.05 MB, solutions = 37)
 432770 124916    35878.9377    68    36004.1313    35748.4312 21987007    0.71%
 434159 125108    35818.1784    75    36004.1313    35749.3070 22065273    0.71%
 435278 125146    35788.2014   103    36004.1313    35749.7799 22114522    0.71%
 436347 125409        cutoff          36004.1313    35750.5167 22186771    0.70%
 437530 125435    35799.8919    91    36004.1313    35750.7474 22199937    0.70%
 438655 125734        cutoff          36004.1313    35751.3680 22289372    0.70%
 439926 125806    35876.7157    82    36004.1313    35752.6843 22327570    0.70%
 441504 126144    35970.0593    82    36004.1313    35753.3539 22413522    0.70%
 442686 126178    35949.2544    68    36004.1313    35754.0720 22462153    0.69%
 443821 126188    35770.0967    68    36004.1313    35754.5463 22485491    0.69%
Elapsed time = 6033.63 sec. (1560291.35 ticks, tree = 1352.79 MB, solutions = 37)
 444840 126195        cutoff          36004.1313    35755.0260 22547405    0.69%
 445888 126306    35825.9793    74    36004.1313    35755.6630 22624689    0.69%
 447015 126318        cutoff          36004.1313    35756.1863 22637330    0.69%
 448181 126430        cutoff          36004.1313    35757.0977 22690575    0.69%
 449483 126592    35761.3455    78    36004.1313    35757.9080 22733664    0.68%
 451285 127084    35953.7702   100    36004.1313    35758.6477 22801546    0.68%
 452866 127455    35916.8176   110    36004.1313    35759.3182 22859718    0.68%
 454049 127695    35788.0607    77    36004.1313    35760.0101 22950736    0.68%
 455183 127730    35885.8950    97    36004.1313    35760.5596 22962285    0.68%
 456319 127883        cutoff          36004.1313    35761.2156 23029628    0.67%
Elapsed time = 6192.11 sec. (1598453.70 ticks, tree = 1361.88 MB, solutions = 37)
 457438 127872    infeasible          36004.1313    35761.4388 23056270    0.67%
 458606 127871        cutoff          36004.1313    35761.8836 23139222    0.67%
 459818 127889    35798.2919    64    36004.1313    35762.9429 23198802    0.67%
 461172 128004    35897.8590    32    36004.1313    35763.5211 23242671    0.67%
 462407 128022        cutoff          36004.1313    35764.1505 23256362    0.67%
 463521 128046    35889.4127    80    36004.1313    35764.9021 23337106    0.66%
 464686 127996    35879.9301    53    36004.1313    35765.5730 23392374    0.66%
 465871 128003    35920.0549    49    36004.1313    35766.7532 23414828    0.66%
 467021 127987    35981.9690   111    36004.1313    35767.3227 23486370    0.66%
 468165 127966    35910.8726    88    36004.1313    35767.9525 23533901    0.66%
Elapsed time = 6345.95 sec. (1636617.47 ticks, tree = 1358.44 MB, solutions = 37)
 469302 128039    35831.8413    41    36004.1313    35768.9207 23594117    0.65%
 470454 128054        cutoff          36004.1313    35769.7059 23642822    0.65%
 471586 128121    35797.9016   211    36004.1313    35770.7457 23702609    0.65%
 472720 128084    35961.9444    70    36004.1313    35771.3233 23724963    0.65%
 473879 128208    35776.3011   121    36004.1313    35772.0886 23780112    0.64%
 474957 128390        cutoff          36004.1313    35772.7219 23837968    0.64%
 475918 128381        cutoff          36004.1313    35773.3130 23898103    0.64%
 477058 128316    35953.5883    52    36004.1313    35774.2300 23931068    0.64%
 478217 128198    35994.3454    71    36004.1313    35775.0205 23995948    0.64%
 479372 128242    35989.5760    24    36004.1313    35775.6695 24017292    0.63%
Elapsed time = 6499.06 sec. (1674813.22 ticks, tree = 1355.67 MB, solutions = 37)
 480548 128245    35977.9818    45    36004.1313    35776.2042 24097035    0.63%
 481677 128329    35894.8152    91    36004.1313    35776.8650 24156053    0.63%
 482856 128329    35921.9197    49    36004.1313    35777.7049 24181460    0.63%
 484039 128333        cutoff          36004.1313    35778.4241 24243604    0.63%
 485197 128410    35929.8131    59    36004.1313    35779.2889 24320650    0.62%
 486363 128438    35915.1144   112    36004.1313    35779.5105 24361003    0.62%
 487585 128394        cutoff          36004.1313    35780.2841 24399010    0.62%
 489144 128181        cutoff          36004.1313    35780.7638 24455585    0.62%
 490380 128093        cutoff          36004.1313    35781.3883 24509056    0.62%
 491536 128108        cutoff          36004.1313    35781.9186 24520785    0.62%
Elapsed time = 6662.75 sec. (1712975.19 ticks, tree = 1343.21 MB, solutions = 37)
 492721 128184        cutoff          36004.1313    35782.6054 24582183    0.62%
 494031 128287    35786.1513    34    36004.1313    35783.6032 24614635    0.61%
 495940 129213        cutoff          36004.1313    35784.0429 24699836    0.61%
 497592 129343        cutoff          36004.1313    35784.0429 24716982    0.61%
 498756 130092    35925.1267    46    36004.1313    35784.4528 24811558    0.61%
 499854 130127    35965.4156    56    36004.1313    35785.2123 24835181    0.61%
 500999 130231    35910.3297    79    36004.1313    35785.8688 24896898    0.61%
 502152 130235    35826.9556    33    36004.1313    35786.2123 24935148    0.61%
 503331 130306    35836.5485    78    36004.1313    35786.4812 25002728    0.60%
 504517 130459    35858.5836    84    36004.1313    35786.9844 25050950    0.60%
Elapsed time = 6809.94 sec. (1751141.48 ticks, tree = 1361.56 MB, solutions = 37)
 505594 130502    35988.4705    55    36004.1313    35787.6656 25127223    0.60%
 506687 130475    35848.0857   101    36004.1313    35788.1339 25173011    0.60%
 507858 130539    35940.0884    96    36004.1313    35788.6222 25194107    0.60%
 509033 130534        cutoff          36004.1313    35789.1727 25271169    0.60%
 510244 130479    35901.8296    76    36004.1313    35789.6541 25294775    0.60%
 511446 130319        cutoff          36004.1313    35789.9915 25353159    0.59%
 512638 130346        cutoff          36004.1313    35790.7265 25431665    0.59%
 513797 130538    35978.8737    65    36004.1313    35791.2949 25455431    0.59%
 514941 130893    35819.8868    68    36004.1313    35791.9645 25513018    0.59%
 516136 130996    35826.1147    71    36004.1313    35792.3839 25575691    0.59%
Elapsed time = 6964.77 sec. (1789325.25 ticks, tree = 1361.79 MB, solutions = 37)
 517324 131045    35826.2630    38    36004.1313    35793.1307 25615451    0.59%
 518534 131153    35871.5427   136    36004.1313    35793.7363 25652509    0.58%
 519601 131341        cutoff          36004.1313    35794.3274 25746352    0.58%
 520625 131310    35797.4408    99    36004.1313    35794.4473 25743439    0.58%
 521790 131333    35906.1485    48    36004.1313    35794.8973 25795525    0.58%
 523025 131359    infeasible          36004.1313    35795.3291 25873440    0.58%
 524220 131263    35943.2237    43    36004.1313    35795.9355 25926270    0.58%
 525415 131187    35946.8663    69    36004.1313    35796.2654 25983035    0.58%
 526634 131123        cutoff          36004.1313    35796.7279 25998065    0.58%
 527951 130894        cutoff          36004.1313    35797.2820 26092921    0.57%
Elapsed time = 7121.22 sec. (1827523.97 ticks, tree = 1357.40 MB, solutions = 37)
 529220 130788    35803.5547    25    36004.1313    35797.6826 26146271    0.57%
 530471 130765        cutoff          36004.1313    35798.2087 26175571    0.57%
 531685 130712    35947.3610    46    36004.1313    35798.7044 26244420    0.57%
 532884 130718        cutoff          36004.1313    35799.5803 26280541    0.57%
 534098 130679    35917.8123    53    36004.1313    35800.2893 26334779    0.57%
 535130 130603    35910.7091    40    36004.1313    35800.9527 26402510    0.56%
 536292 130607    35814.5771   101    36004.1313    35801.5743 26414255    0.56%
 537566 130487        cutoff          36004.1313    35802.4570 26507415    0.56%
 538788 130475        cutoff          36004.1313    35803.0207 26535269    0.56%
 540013 130396    35902.8313   122    36004.1313    35803.4570 26602620    0.56%
Elapsed time = 7268.05 sec. (1865699.15 ticks, tree = 1348.42 MB, solutions = 37)
 541238 130353    35989.2060    90    36004.1313    35804.0730 26654191    0.56%
 542495 130181    35954.2608    50    36004.1313    35804.9178 26694890    0.55%
 543695 130064    35944.2733    64    36004.1313    35805.1440 26759108    0.55%
 544959 129809        cutoff          36004.1313    35805.5052 26833383    0.55%
 546105 129851    infeasible          36004.1313    35806.4772 26853990    0.55%
 547241 130106    35839.3710   100    36004.1313    35807.0121 26901747    0.55%
 548331 130531    35811.8470    34    36004.1313    35807.6758 26942119    0.55%
 549404 131182    35817.6858    45    36004.1313    35808.1740 26974518    0.54%
 550543 131780        cutoff          36004.1313    35809.1029 27003549    0.54%
 551855 132425        cutoff          36004.1313    35809.8164 27044812    0.54%
Elapsed time = 7405.67 sec. (1903866.58 ticks, tree = 1363.99 MB, solutions = 37)
 553178 132500        cutoff          36004.1313    35810.4785 27110108    0.54%
 554447 132505        cutoff          36004.1313    35810.4785 27139854    0.54%
 555637 132595        cutoff          36004.1313    35810.4819 27225790    0.54%
 556841 132640    35926.5977   115    36004.1313    35810.5325 27276997    0.54%
 558039 132689    35949.6859    78    36004.1313    35810.6365 27288524    0.54%
 559270 132786    35845.8618    91    36004.1313    35811.0925 27356145    0.54%
 560527 132755    35824.8272    81    36004.1313    35811.5731 27399205    0.53%
 561765 132839    35815.3948    64    36004.1313    35812.0827 27460620    0.53%
 563005 132796    35839.7931    97    36004.1313    35812.5549 27529574    0.53%
 564171 132810    35959.9234   118    36004.1313    35813.0051 27553882    0.53%
Elapsed time = 7536.70 sec. (1942052.07 ticks, tree = 1367.69 MB, solutions = 37)
 565379 132813    35851.6066    65    36004.1313    35813.4164 27609615    0.53%
 566425 132897    36002.5143    64    36004.1313    35813.7934 27669656    0.53%
 567524 132967    35816.6738    58    36004.1313    35814.4576 27724671    0.53%
 568752 132896    35975.4045    85    36004.1313    35814.7711 27740478    0.53%
 569974 132815    35821.5723   110    36004.1313    35815.1584 27809353    0.52%
 571165 132911    35838.4021    26    36004.1313    35815.7561 27871704    0.52%
 572339 133105    35850.2185    93    36004.1313    35816.1414 27903445    0.52%
 573598 133297    35918.6241    86    36004.1313    35816.4491 27940940    0.52%
 574862 133294    35846.7833    62    36004.1313    35816.8873 27982291    0.52%
 576049 133268    infeasible          36004.1313    35817.2974 28020261    0.52%
Elapsed time = 7698.19 sec. (1980223.15 ticks, tree = 1370.64 MB, solutions = 37)
 577340 133287    35927.2505    46    36004.1313    35817.9223 28099782    0.52%
 578609 133199    35833.6535    31    36004.1313    35818.3693 28143542    0.52%
 579902 132952        cutoff          36004.1313    35818.8076 28219324    0.51%
 581264 132744    35923.3085    98    36004.1313    35819.0242 28278576    0.51%
 582460 132592    35967.4479    88    36004.1313    35819.3259 28321997    0.51%
 583588 132522        cutoff          36004.1313    35820.1344 28347604    0.51%
 584780 132363        cutoff          36004.1313    35820.4576 28414579    0.51%
 586037 132284    35913.3617    70    36004.1313    35820.9380 28443289    0.51%
 587380 131968        cutoff          36004.1313    35821.5560 28546904    0.51%
 588709 131765    35928.9410    90    36004.1313    35822.1508 28592564    0.51%
Elapsed time = 7843.56 sec. (2018407.52 ticks, tree = 1356.03 MB, solutions = 37)
 589983 131554        cutoff          36004.1313    35822.4418 28650099    0.50%
 591225 131501    35832.2725    68    36004.1313    35823.1005 28695398    0.50%
 592449 131425    35826.6630    63    36004.1313    35823.7624 28765982    0.50%
 593760 131320    35920.1638    71    36004.1313    35824.0694 28807226    0.50%
 595072 131129        cutoff          36004.1313    35824.5794 28841842    0.50%
 596396 130924        cutoff          36004.1313    35825.1834 28883989    0.50%
 597696 130442    35966.4427   105    36004.1313    35825.8690 28974902    0.50%
 598805 130248    35949.9347    71    36004.1313    35826.2287 29017871    0.49%
 599909 130042    35986.7948    21    36004.1313    35826.7165 29071470    0.49%
 601121 129882    35864.0585    99    36004.1313    35827.1794 29100257    0.49%
Elapsed time = 8008.13 sec. (2056598.47 ticks, tree = 1333.79 MB, solutions = 37)
 602396 129678        cutoff          36004.1313    35827.4628 29146188    0.49%
 603659 129368        cutoff          36004.1313    35828.3902 29206122    0.49%
 604885 129010        cutoff          36004.1313    35828.8209 29282575    0.49%
 606114 128896    35962.0423    47    36004.1313    35829.2994 29328383    0.49%
 607420 128641        cutoff          36004.1313    35830.1330 29396789    0.48%
 608722 128376        cutoff          36004.1313    35830.4995 29455628    0.48%
 610039 128289    35843.7247    46    36004.1313    35830.8588 29469392    0.48%
 611398 127909    35881.7514    85    36004.1313    35831.7247 29527981    0.48%
 612757 127520    infeasible          36004.1313    35832.1636 29589806    0.48%
 614137 127415    35846.8232   110    36004.1313    35832.5680 29614388    0.48%
Elapsed time = 8170.33 sec. (2094782.50 ticks, tree = 1307.00 MB, solutions = 37)
 615420 126947        cutoff          36004.1313    35833.4298 29685091    0.47%
 616631 126393        cutoff          36004.1313    35833.7744 29757227    0.47%
 617792 126340    35844.9277    65    36004.1313    35834.2990 29801913    0.47%
 619069 126131    35974.9991    55    36004.1313    35835.1529 29866488    0.47%
 620349 126089        cutoff          36004.1313    35835.5977 29892692    0.47%
 621678 125960    35856.8260   132    36004.1313    35836.2106 29938039    0.47%
 622959 125748        cutoff          36004.1313    35836.9967 30025092    0.46%
 624236 125681    infeasible          36004.1313    35837.6197 30040968    0.46%
 625567 125397    35985.0062    69    36004.1313    35838.0876 30120417    0.46%
 626868 125127    35849.8082   107    36004.1313    35838.5973 30196046    0.46%
Elapsed time = 8338.63 sec. (2132951.39 ticks, tree = 1284.93 MB, solutions = 37)
 628201 124845        cutoff          36004.1313    35838.9960 30259328    0.46%
 629516 124746        cutoff          36004.1313    35839.2085 30288458    0.46%
 630803 124528        cutoff          36004.1313    35839.6844 30332511    0.46%
 632014 124371        cutoff          36004.1313    35840.2095 30383697    0.46%
 633254 124269    35853.6539    92    36004.1313    35840.5375 30439852    0.45%
 634652 124028    infeasible          36004.1313    35841.2150 30494710    0.45%
 635995 123902        cutoff          36004.1313    35841.7926 30536417    0.45%
 637291 123532    35881.5391    94    36004.1313    35842.1522 30628191    0.45%
 638796 123363        cutoff          36004.1313    35842.8429 30670595    0.45%
 640354 122968    35851.4328    42    36004.1313    35843.2573 30708089    0.45%
Elapsed time = 8508.61 sec. (2171124.82 ticks, tree = 1250.69 MB, solutions = 37)
 641708 122431    35865.1908    33    36004.1313    35843.7738 30766741    0.45%
 642979 122240        cutoff          36004.1313    35844.2513 30836944    0.44%
 644284 122214        cutoff          36004.1313    35844.6280 30863083    0.44%
 645600 122051    35860.1118    65    36004.1313    35845.2184 30924089    0.44%
 646922 121966        cutoff          36004.1313    35845.6857 30939810    0.44%
 648298 121567        cutoff          36004.1313    35846.0619 31028158    0.44%
 649449 121285        cutoff          36004.1313    35846.6547 31089427    0.44%
 650705 120843    35905.0384   124    36004.1313    35846.8844 31148939    0.44%
 652045 120596    35867.7163   105    36004.1313    35847.6088 31177630    0.43%
 653372 120377        cutoff          36004.1313    35848.0286 31213841    0.43%
Elapsed time = 8672.36 sec. (2209290.22 ticks, tree = 1221.85 MB, solutions = 37)
 654706 119806    35893.1312    48    36004.1313    35848.4633 31311318    0.43%
 656018 119844    35871.2111   121    36004.1313    35848.9627 31305197    0.43%
 657347 119300        cutoff          36004.1313    35849.6052 31403396    0.43%
 658687 119170        cutoff          36004.1313    35850.0077 31419777    0.43%
 660029 118750    36003.7410    52    36004.1313    35850.8045 31497859    0.43%
 661351 118365        cutoff          36004.1313    35851.5251 31550606    0.42%
 662680 117890    35935.5906    62    36004.1313    35851.8331 31624155    0.42%
 664031 117757        cutoff          36004.1313    35852.8336 31646654    0.42%
 665435 117134        cutoff          36004.1313    35853.3270 31720475    0.42%
 666704 116904        cutoff          36004.1313    35853.7721 31764146    0.42%
Elapsed time = 8840.17 sec. (2247456.92 ticks, tree = 1173.02 MB, solutions = 37)
 667989 116374    35899.7870    66    36004.1313    35854.5233 31809997    0.42%
 669303 115501        cutoff          36004.1313    35855.1433 31896949    0.41%
 670585 115356    35896.0833   155    36004.1313    35855.7943 31924433    0.41%
 671863 114998        cutoff          36004.1313    35856.5516 32003155    0.41%
 673170 114893    35930.2445    65    36004.1313    35857.1913 32016134    0.41%
 674436 114900    35906.0898    51    36004.1313    35858.0239 32060202    0.41%
 675707 114654    35878.2048    83    36004.1313    35858.6323 32112796    0.40%
 676977 114538    35925.1266    95    36004.1313    35858.8436 32144886    0.40%
 678302 113994        cutoff          36004.1313    35859.2629 32237159    0.40%
 679673 113800    35916.8320    55    36004.1313    35859.9004 32266448    0.40%
Elapsed time = 9003.53 sec. (2285648.28 ticks, tree = 1132.10 MB, solutions = 37)
 681026 113328    35969.3779    31    36004.1313    35860.3513 32342678    0.40%
 682563 113178    35948.2089   121    36004.1313    35860.8996 32355392    0.40%
 683970 112642    35909.5697    17    36004.1313    35861.2969 32415802    0.40%
 685424 111802    35872.8864    82    36004.1313    35861.8792 32510258    0.40%
 686576 112014    35995.3610    45    36004.1313    35862.1791 32503930    0.39%
 687678 111668    35897.0020    74    36004.1313    35862.5264 32574926    0.39%
 688900 111668        cutoff          36004.1313    35863.1215 32608871    0.39%
 690190 111609        cutoff          36004.1313    35863.8963 32660107    0.39%
 691485 111548        cutoff          36004.1313    35864.4627 32683162    0.39%
 692838 111169        cutoff          36004.1313    35864.8960 32779200    0.39%
Elapsed time = 9165.09 sec. (2323828.70 ticks, tree = 1102.63 MB, solutions = 37)
 694190 111063        cutoff          36004.1313    35865.1908 32791664    0.39%
 695505 110508        cutoff          36004.1313    35866.4915 32887614    0.38%
 696896 110256    35886.7417    35    36004.1313    35867.1789 32925231    0.38%
 698237 110064    35872.0493    44    36004.1313    35867.4478 32956534    0.38%
 699606 109769    35976.3808    52    36004.1313    35867.8754 33001490    0.38%
 700879 109586    35874.9416    63    36004.1313    35868.3969 33060056    0.38%
 702069 109483    35983.0903    56    36004.1313    35868.8522 33115263    0.38%
 703453 109444        cutoff          36004.1313    35869.1577 33160460    0.37%
 704862 109233    35882.6137    67    36004.1313    35869.5377 33207366    0.37%
 706227 109010        cutoff          36004.1313    35870.4166 33257378    0.37%
Elapsed time = 9321.63 sec. (2362002.66 ticks, tree = 1080.63 MB, solutions = 37)
 707539 108798    35906.0813    37    36004.1313    35870.9134 33297731    0.37%
 708761 108392    35884.4573    92    36004.1313    35871.6979 33371175    0.37%
 710026 108260    35896.3070    23    36004.1313    35872.0260 33391059    0.37%
 711340 107990    35881.9467    86    36004.1313    35872.4294 33447762    0.37%
 712715 107618    35894.3622    59    36004.1313    35872.8865 33507011    0.36%
 714060 107474    35877.9310    62    36004.1313    35873.4602 33532596    0.36%
 715321 107165    35885.8054    77    36004.1313    35873.9147 33595613    0.36%
 716638 107165        cutoff          36004.1313    35874.3723 33604775    0.36%
 717928 106910    35880.4746   111    36004.1313    35874.7324 33692107    0.36%
 719256 106930    35883.7174    65    36004.1313    35875.5097 33741697    0.36%
Elapsed time = 9478.66 sec. (2400186.20 ticks, tree = 1058.42 MB, solutions = 37)
 720696 106827        cutoff          36004.1313    35876.1554 33794224    0.36%
 722119 106738    35950.2628    85    36004.1313    35876.6073 33832587    0.35%
 723461 106474        cutoff          36004.1313    35876.9633 33875595    0.35%
 724792 106398        cutoff          36004.1313    35877.4379 33887195    0.35%
 726183 106147    35935.2739    32    36004.1313    35878.0222 33954565    0.35%
 727576 105554    35915.0238    76    36004.1313    35878.6640 34025087    0.35%
 728863 105543        cutoff          36004.1313    35879.0713 34037124    0.35%
 730181 105321        cutoff          36004.1313    35879.3686 34078035    0.35%
 731533 105167        cutoff          36004.1313    35879.5932 34148259    0.35%
 732681 105254        cutoff          36004.1313    35880.1648 34204342    0.34%
Elapsed time = 9636.16 sec. (2438353.01 ticks, tree = 1040.81 MB, solutions = 37)
 733851 105161    35976.8275    48    36004.1313    35880.5976 34199129    0.34%
 735101 105263        cutoff          36004.1313    35881.2633 34265381    0.34%
 736299 105296    35886.8551    34    36004.1313    35881.5974 34325658    0.34%
 737454 105485    35919.7205    35    36004.1313    35882.2091 34360144    0.34%
 738578 105788    infeasible          36004.1313    35883.2674 34396834    0.34%
 739726 106229    35886.8551    34    36004.1313    35883.7164 34439734    0.33%
 740875 106650    35885.8252    78    36004.1313    35884.2776 34474740    0.33%
 742074 106894    35902.0381    88    36004.1313    35884.5022 34505911    0.33%
 743234 107056    35913.3574   188    36004.1313    35884.7325 34531328    0.33%
 744519 107368    35917.5324    72    36004.1313    35885.2702 34571467    0.33%
Elapsed time = 9787.11 sec. (2476531.35 ticks, tree = 1057.22 MB, solutions = 37)
 745900 107290    35886.8551    43    36004.1313    35885.4865 34639336    0.33%
 747293 107152    35940.4645    82    36004.1313    35885.4865 34669932    0.33%
 748606 106983        cutoff          36004.1313    35885.4865 34722706    0.33%
 749839 106955    35917.7111   117    36004.1313    35885.6142 34750884    0.33%
 751132 106925    35913.1217    50    36004.1313    35885.7632 34779444    0.33%
 752494 106819    35918.8365    42    36004.1313    35885.9035 34866514    0.33%
 753897 106789        cutoff          36004.1313    35886.1971 34889528    0.33%
 755204 106577        cutoff          36004.1313    35886.4397 34959341    0.33%
 756496 106300    infeasible          36004.1313    35887.0325 35018419    0.33%
 757827 106276        cutoff          36004.1313    35887.3830 35018862    0.32%
Elapsed time = 9941.09 sec. (2514704.27 ticks, tree = 1044.20 MB, solutions = 37)
 759183 106118    35891.5060    53    36004.1313    35887.8453 35065644    0.32%
 760420 106042        cutoff          36004.1313    35888.3513 35150587    0.32%
 761646 106047    35919.0833    58    36004.1313    35888.4877 35146943    0.32%
 762981 106305    35921.3292    66    36004.1313    35888.8758 35231593    0.32%
 764276 106403        cutoff          36004.1313    35889.1754 35284192    0.32%
 765604 106508    35914.2160   112    36004.1313    35889.5211 35324678    0.32%
 766966 106606    35932.1773    21    36004.1313    35890.0049 35346872    0.32%
 768349 106651    35918.5010   106    36004.1313    35890.3915 35358516    0.32%
 769787 106661        cutoff          36004.1313    35890.9021 35462373    0.31%
 771083 106635    35923.7367    78    36004.1313    35891.4312 35459918    0.31%
Elapsed time = 10091.97 sec. (2552872.74 ticks, tree = 1046.82 MB, solutions = 37)
 772378 106743    35924.7543    40    36004.1313    35891.6610 35560237    0.31%
 773709 106872    35943.9757    44    36004.1313    35891.9236 35582067    0.31%
 775011 106901    35903.4157    52    36004.1313    35892.1459 35592944    0.31%
 776297 107070    35926.2924    61    36004.1313    35892.4118 35644809    0.31%
 777542 107114    infeasible          36004.1313    35892.6280 35696904    0.31%
 778820 107043        cutoff          36004.1313    35893.0035 35757938    0.31%
 780164 106927    35935.5003    64    36004.1313    35893.1217 35784197    0.31%
 781569 106875    35997.3456    51    36004.1313    35893.4515 35822956    0.31%
 783009 106746    35909.0141    48    36004.1313    35893.5976 35854213    0.31%
 784397 106353        cutoff          36004.1313    35893.7999 35922625    0.31%
Elapsed time = 10239.33 sec. (2591037.88 ticks, tree = 1042.23 MB, solutions = 37)
 785841 106060    infeasible          36004.1313    35893.9831 35988596    0.31%
 787303 105693    35906.7604    66    36004.1313    35894.1372 36055975    0.31%
 788708 105400    35895.9424    61    36004.1313    35894.5731 36122421    0.30%
 790109 105450        cutoff          36004.1313    35894.7874 36097953    0.30%
 791528 105082    35914.6482    24    36004.1313    35895.2042 36213150    0.30%
 793003 105001        cutoff          36004.1313    35895.4905 36241984    0.30%
 794484 104691    infeasible          36004.1313    35895.8999 36316487    0.30%
 795993 104683    35909.0523    55    36004.1313    35896.3109 36311807    0.30%
 797427 104509        cutoff          36004.1313    35896.7338 36352675    0.30%
 798743 104271    35903.0183    67    36004.1313    35897.0689 36415275    0.30%
Elapsed time = 10371.83 sec. (2629196.89 ticks, tree = 1020.11 MB, solutions = 37)
 800034 104136    35901.6265    90    36004.1313    35897.4185 36492910    0.30%
 801279 104080        cutoff          36004.1313    35898.1582 36516139    0.29%
 802589 104046    35925.7932    86    36004.1313    35898.3988 36528455    0.29%
 803925 104014    35905.9368   138    36004.1313    35899.1851 36633812    0.29%
 805337 103986    35905.6726    74    36004.1313    35899.5729 36627939    0.29%
 806781 103779    35918.6934    61    36004.1313    35900.1914 36721420    0.29%
 808296 103481        cutoff          36004.1313    35900.6084 36763073    0.29%
 809648 103310    35908.4359    68    36004.1313    35901.1707 36798357    0.29%
 811043 103242    35988.5619    99    36004.1313    35901.4613 36827357    0.29%
 812484 102914    35905.0385    32    36004.1313    35901.6609 36894698    0.28%
Elapsed time = 10505.91 sec. (2667363.05 ticks, tree = 1006.01 MB, solutions = 37)
 813818 102768    35909.8750    37    36004.1313    35901.9518 36960257    0.28%
 815243 102816    35929.8124    44    36004.1313    35902.0525 36972341    0.28%
 816656 102807    35987.2686   125    36004.1313    35902.2634 37049994    0.28%
 818166 102578    35907.9260    39    36004.1313    35902.5394 37100971    0.28%
 819644 102026        cutoff          36004.1313    35903.0013 37199432    0.28%
 821063 101896        cutoff          36004.1313    35903.4367 37208398    0.28%
 822453 101520    35921.6325    37    36004.1313    35903.7543 37252590    0.28%
 824010 101094        cutoff          36004.1313    35904.1845 37298841    0.28%
 825617 100608    35938.0438    54    36004.1313    35904.6321 37344195    0.28%
 827102 100189        cutoff          36004.1313    35904.9867 37384358    0.28%
Elapsed time = 10641.14 sec. (2705523.39 ticks, tree = 977.01 MB, solutions = 37)
 828584 99933    35911.1294    72    36004.1313    35905.1950 37413241    0.27%
 830047 99418    35979.0184    70    36004.1313    35905.6670 37507029    0.27%
 831537 99283    35921.6937    92    36004.1313    35905.8133 37536162    0.27%
 833122 99154        cutoff          36004.1313    35906.3587 37548979    0.27%
 834648 98490        cutoff          36004.1313    35906.7913 37641975    0.27%
 836156 98408    35941.0083    49    36004.1313    35907.4982 37654884    0.27%
 837747 97676    35931.6022    50    36004.1313    35907.8507 37756082    0.27%
 839303 97610    infeasible          36004.1313    35908.2826 37768163    0.27%
 840934 96752    35936.4364    55    36004.1313    35908.9122 37855759    0.26%
 842541 96869    infeasible          36004.1313    35909.5050 37846779    0.26%
Elapsed time = 10773.89 sec. (2743690.44 ticks, tree = 940.91 MB, solutions = 37)
 844103 96094        cutoff          36004.1313    35909.8632 37932775    0.26%
 845537 95737    35936.1869    79    36004.1313    35910.2920 37966085    0.26%
 847057 94974        cutoff          36004.1313    35910.8931 38029280    0.26%
 848654 94848    35923.0274    79    36004.1313    35911.0728 38042363    0.26%
 850194 94303        cutoff          36004.1313    35911.8167 38102814    0.26%
 851738 93758    35947.0165    86    36004.1313    35912.2227 38161612    0.26%
 853342 93312    35980.9345   101    36004.1313    35912.5648 38207233    0.25%
 854936 92986        cutoff          36004.1313    35912.9931 38238573    0.25%
 856625 92105    35986.2274    28    36004.1313    35913.8273 38331977    0.25%
 858200 91771        cutoff          36004.1313    35914.2165 38361055    0.25%
Elapsed time = 10907.98 sec. (2781851.59 ticks, tree = 894.98 MB, solutions = 37)
 859747 91123        cutoff          36004.1313    35914.5734 38439304    0.25%
 861275 91097    35927.2612    45    36004.1313    35915.1652 38452561    0.25%
 862805 90836    35980.5418    44    36004.1313    35915.4986 38494668    0.25%
 864269 90594    35935.3510    74    36004.1313    35915.8191 38577541    0.25%
 865809 90427        cutoff          36004.1313    35916.1591 38625737    0.24%
 867294 90317    35951.1035    60    36004.1313    35916.6677 38649938    0.24%
 868685 89767    35938.1073    44    36004.1313    35917.1627 38718833    0.24%
 870240 89246    35967.6702    76    36004.1313    35917.7518 38763640    0.24%
 871988 89033    35928.1450   125    36004.1313    35917.9785 38776139    0.24%
 873644 87865        cutoff          36004.1313    35918.6343 38854278    0.24%
Elapsed time = 11041.00 sec. (2820035.02 ticks, tree = 858.94 MB, solutions = 37)
 875188 87219    35936.1705    90    36004.1313    35918.8239 38898278    0.24%
 876778 87071        cutoff          36004.1313    35919.2681 38912485    0.24%
 878387 85895    35924.7868    70    36004.1313    35919.5360 39002708    0.23%
 880061 85630        cutoff          36004.1313    35919.7236 39014511    0.23%
 881820 84982    35941.8618    44    36004.1313    35920.1411 39058235    0.23%
 883431 83626    35950.3769    63    36004.1313    35920.4963 39141467    0.23%
 884779 82962    35956.4053    90    36004.1313    35920.8768 39188027    0.23%
 886157 82554        cutoff          36004.1313    35921.3873 39265239    0.23%
 887589 82414    35956.5152    71    36004.1313    35921.8873 39306731    0.23%
 889095 82136        cutoff          36004.1313    35922.3413 39354587    0.23%
Elapsed time = 11191.22 sec. (2858197.03 ticks, tree = 806.83 MB, solutions = 37)
 890590 82058        cutoff          36004.1313    35923.0468 39353838    0.23%
 892000 81665    35929.4830    38    36004.1313    35923.5664 39395431    0.22%
 893453 80394    35937.2591    85    36004.1313    35924.4774 39498042    0.22%
 895108 79764    36001.8601    45    36004.1313    35924.7740 39548524    0.22%
 896766 79004        cutoff          36004.1313    35925.6732 39594585    0.22%
 898510 79034        cutoff          36004.1313    35925.9950 39589659    0.22%
 900209 77805    35938.5919    24    36004.1313    35927.0985 39658864    0.21%
 901774 76311    35961.9978    66    36004.1313    35927.1881 39739901    0.21%
 903331 75970    35970.8310    35    36004.1313    35927.7824 39765591    0.21%
 904892 75219    35997.8078    67    36004.1313    35927.9756 39812142    0.21%
Elapsed time = 11352.38 sec. (2896373.42 ticks, tree = 740.93 MB, solutions = 37)
 906409 74591    36001.4809   134    36004.1313    35928.6448 39865641    0.21%
 907904 74542        cutoff          36004.1313    35928.8445 39877462    0.21%
 909495 73592    35948.7539    64    36004.1313    35929.5198 39957760    0.21%
 911261 72954    infeasible          36004.1313    35929.8414 39994012    0.21%
 912813 72316        cutoff          36004.1313    35930.4524 40038755    0.20%
 914227 71604    35938.4904    53    36004.1313    35930.6880 40107081    0.20%
 915583 71176    35940.0540    52    36004.1313    35931.6902 40169146    0.20%
 916931 71184    35952.0853    41    36004.1313    35932.5692 40196461    0.20%
 918373 71056        cutoff          36004.1313    35933.3512 40208698    0.20%
 919936 70542    35940.4581    84    36004.1313    35934.0010 40282831    0.19%
Elapsed time = 11506.88 sec. (2934540.13 ticks, tree = 696.27 MB, solutions = 37)
 921411 70449    35941.5644    88    36004.1313    35934.5218 40300906    0.19%
 923004 70094        cutoff          36004.1313    35935.0821 40326507    0.19%
 924516 69592    35970.7956    84    36004.1313    35935.7822 40380602    0.19%
 926028 68979    infeasible          36004.1313    35936.0302 40437929    0.19%
 927616 68719    35948.5871    34    36004.1313    35936.9663 40473864    0.19%
 929233 68623        cutoff          36004.1313    35937.4417 40484553    0.19%
 930921 67595    infeasible          36004.1313    35938.1622 40586252    0.18%
 932599 67688        cutoff          36004.1313    35938.3036 40583306    0.18%
 934236 66815    35955.9576    61    36004.1313    35938.9238 40633790    0.18%
 935688 66507        cutoff          36004.1313    35939.1251 40666557    0.18%
Elapsed time = 11657.84 sec. (2972703.49 ticks, tree = 652.87 MB, solutions = 37)
 937160 65770    35960.8212    45    36004.1313    35939.8813 40721752    0.18%
 938690 65483    35948.2798    59    36004.1313    35940.2728 40756256    0.18%
 940161 65154    35950.6462   106    36004.1313    35940.6993 40791830    0.18%
 941580 64383        cutoff          36004.1313    35941.3995 40887282    0.17%
 942919 64160    35947.6553    28    36004.1313    35941.9003 40933426    0.17%
 944152 64090    35976.9505    36    36004.1313    35942.4539 40956694    0.17%
 945368 63975    35953.3774    57    36004.1313    35943.1890 40987338    0.17%
 946629 63742    35970.3537    64    36004.1313    35943.7894 41065398    0.17%
 947964 63625    35974.8281    60    36004.1313    35944.4338 41099486    0.17%
 949500 63408        cutoff          36004.1313    35945.1959 41111155    0.16%
Elapsed time = 11802.77 sec. (3010876.88 ticks, tree = 628.53 MB, solutions = 37)
 951021 63251    36000.9507    75    36004.1313    35945.8224 41151557    0.16%
 952488 62460    35978.9136    34    36004.1313    35946.3281 41232146    0.16%
 953938 62215        cutoff          36004.1313    35946.8309 41260142    0.16%
 955485 61736        cutoff          36004.1313    35947.2488 41318143    0.16%
 957001 61174    35955.1331    55    36004.1313    35947.6002 41377159    0.16%
 958540 61162        cutoff          36004.1313    35947.6822 41373746    0.16%
 960191 60797    35956.0575    44    36004.1313    35947.8997 41412210    0.16%
 961794 59599    infeasible          36004.1313    35948.0886 41487608    0.16%
 963361 58817    35963.4485    76    36004.1313    35948.2946 41540787    0.16%
 964912 58080        cutoff          36004.1313    35948.8450 41592239    0.15%
Elapsed time = 11961.88 sec. (3049044.09 ticks, tree = 575.67 MB, solutions = 37)
 966422 58166        cutoff          36004.1313    35949.0421 41588198    0.15%
 967920 57060    35964.6151    35    36004.1313    35949.9421 41667439    0.15%
 969452 55777        cutoff          36004.1313    35950.3596 41752202    0.15%
 971065 55103    35962.8466    86    36004.1313    35950.8533 41789084    0.15%
 972625 54705    35990.8559    40    36004.1313    35951.7597 41805810    0.15%
 974041 53908    35958.4030    34    36004.1313    35952.0950 41861036    0.14%
 975470 53442    35988.5138    42    36004.1313    35953.0107 41905274    0.14%
 976750 53690        cutoff          36004.1313    35953.4145 41898883    0.14%
 978009 53138        cutoff          36004.1313    35954.3966 41966003    0.14%
 979579 52890    35962.7253   131    36004.1313    35954.7109 42045647    0.14%
Elapsed time = 12117.88 sec. (3087217.87 ticks, tree = 528.71 MB, solutions = 37)
 981099 52334    35989.0734    21    36004.1313    35955.4697 42107109    0.14%
 982739 52144        cutoff          36004.1313    35955.6793 42117214    0.13%
 984292 50948        cutoff          36004.1313    35956.5912 42196014    0.13%
 985900 51054        cutoff          36004.1313    35956.8658 42187849    0.13%
 987508 49277        cutoff          36004.1313    35957.5966 42291840    0.13%
 989154 48808        cutoff          36004.1313    35958.8200 42318389    0.13%
 990908 47716        cutoff          36004.1313    35959.2733 42372464    0.12%
 992594 46869        cutoff          36004.1313    35960.0299 42406784    0.12%
 994206 45188        cutoff          36004.1313    35961.0114 42470894    0.12%
 995448 45423        cutoff          36004.1313    35961.3327 42468054    0.12%
Elapsed time = 12271.08 sec. (3125382.31 ticks, tree = 442.14 MB, solutions = 37)
 996678 44681    35995.8209    75    36004.1313    35962.1813 42522221    0.12%
 998066 44456        cutoff          36004.1313    35962.4880 42553513    0.12%
 999627 43609    35996.4513    91    36004.1313    35963.3563 42641588    0.11%
 1001243 42983    35968.8589    63    36004.1313    35963.9182 42685202    0.11%
 1003005 41930    35969.6228    52    36004.1313    35964.4409 42758370    0.11%
 1004702 41931    35985.9652    63    36004.1313    35964.6173 42758327    0.11%
 1006478 40276        cutoff          36004.1313    35966.4947 42846676    0.10%
 1008471 38840    infeasible          36004.1313    35967.2657 42902194    0.10%
 1010445 37563        cutoff          36004.1313    35968.5991 42938435    0.10%
 1012197 36528        cutoff          36004.1313    35969.8759 42971181    0.10%
Elapsed time = 12423.38 sec. (3163548.10 ticks, tree = 351.01 MB, solutions = 37)
 1013834 35326    36003.0655    53    36004.1313    35970.7956 43023497    0.09%
 1015476 34751        cutoff          36004.1313    35971.6181 43053687    0.09%
 1017307 33175    35995.4784   112    36004.1313    35972.8291 43125213    0.09%
 1018858 32596    35997.1097    35    36004.1313    35973.1966 43149611    0.09%
 1020352 31647        cutoff          36004.1313    35973.8082 43197069    0.08%
 1022097 31358    35981.5020    57    36004.1313    35974.5135 43212488    0.08%
 1023987 30449        cutoff          36004.1313    35975.1523 43257793    0.08%
 1025686 28573    35985.3103    36    36004.1313    35976.0802 43344357    0.08%
 1027422 27627        cutoff          36004.1313    35976.7791 43393743    0.08%
 1029223 26844        cutoff          36004.1313    35977.9063 43429689    0.07%
Elapsed time = 12570.97 sec. (3201712.31 ticks, tree = 252.60 MB, solutions = 37)
 1031172 25123        cutoff          36004.1313    35979.1446 43495890    0.07%
 1033105 23864        cutoff          36004.1313    35980.2202 43535629    0.07%
 1035231 22420        cutoff          36004.1313    35981.5511 43581564    0.06%
 1037224 20717    35985.4335    28    36004.1313    35982.6861 43629256    0.06%
 1039117 19308        cutoff          36004.1313    35983.6572 43694873    0.06%
 1041447 17659        cutoff          36004.1313    35985.7993 43734019    0.05%
 1043550 15837    infeasible          36004.1313    35987.1256 43782683    0.05%
 1045914 13750        cutoff          36004.1313    35988.9697 43828189    0.04%
 1048092 12314        cutoff          36004.1313    35990.5197 43860873    0.04%
 1050497 10075    35998.8200    36    36004.1313    35992.7841 43913673    0.03%
Elapsed time = 12718.73 sec. (3239868.71 ticks, tree = 81.04 MB, solutions = 37)
 1053188  7416        cutoff          36004.1313    35995.8432 43954446    0.02%
 1055598  5395        cutoff          36004.1313    35997.7319 43990853    0.02%

GUB cover cuts applied:  1
Cover cuts applied:  11
Implied bound cuts applied:  37
Flow cuts applied:  75
Mixed integer rounding cuts applied:  111
Zero-half cuts applied:  19
Lift and project cuts applied:  27
Gomory fractional cuts applied:  23

Root node processing (before b&c):
  Real time             =    3.86 sec. (1229.67 ticks)
Parallel b&c, 4 threads:
  Real time             = 12755.33 sec. (3249076.07 ticks)
  Sync time (average)   =  788.47 sec.
  Wait time (average)   =    1.63 sec.
                          ------------
Total (root+branch&cut) = 12759.19 sec. (3250305.74 ticks)
BEST OBJ:  36004.13128333051
